Change Component Comment : Designator=SW1 Old Comment=Comment New Comment=MY4(Z)IN-D2(S)
Change Component Comment : Designator=SW2 Old Comment=Comment New Comment=MY4(Z)IN-D2(S)
Change Component Comment : Designator=SW3 Old Comment=Comment New Comment=MY4(Z)IN-D2(S)
Change component parameters: Designator = "SW1" ("SW1"); Footprint = "RY-HF18FF4"; UniqueID = "\RUGEJLTU" ("\RUGEJLTU")
Change component parameters (AddParameter): Name = "MY4NJ-24VDC"; Value = "MY4NJ-24VDC"; VariantName = "[No Variations]"
Change component parameters: Designator = "SW2" ("SW2"); Footprint = "RY-HF18FF4"; UniqueID = "\VUDCOEVO" ("\VUDCOEVO")
Change component parameters (AddParameter): Name = "MY4NJ-24VDC"; Value = "MY4NJ-24VDC"; VariantName = "[No Variations]"
Change component parameters: Designator = "SW3" ("SW3"); Footprint = "RY-HF18FF4"; UniqueID = "\GGIHYPBH" ("\GGIHYPBH")
Change component parameters (AddParameter): Name = "MY4NJ-24VDC"; Value = "MY4NJ-24VDC"; VariantName = "[No Variations]"
Added Component: Designator=SW4(RY-HF18FF4)
Add component (AddParameter): Name = "MY4NJ-24VDC"; Value = "MY4NJ-24VDC"; VariantName = "[No Variations]"
Added Pin To Net: NetName=NetP3_2 Pin=SW1-1
Added Pin To Net: NetName=NetP3_3 Pin=SW1-2
Added Pin To Net: NetName=NetP5_2 Pin=SW1-3
Added Pin To Net: NetName=NetP5_3 Pin=SW1-4
Added Pin To Net: NetName=NetP3_1 Pin=SW1-5
Added Pin To Net: NetName=NetP3_4 Pin=SW1-6
Added Pin To Net: NetName=NetP5_1 Pin=SW1-7
Added Pin To Net: NetName=NetP5_4 Pin=SW1-8
Added Pin To Net: NetName=NetP1_1 Pin=SW1-9
Added Pin To Net: NetName=NetP1_2 Pin=SW1-10
Added Pin To Net: NetName=NetP1_3 Pin=SW1-11
Added Pin To Net: NetName=NetP1_4 Pin=SW1-12
Added Pin To Net: NetName=Control1 Pin=SW1-13
Added Pin To Net: NetName=GND Pin=SW1-14
Added Pin To Net: NetName=NetP4_2 Pin=SW2-1
Added Pin To Net: NetName=NetP4_3 Pin=SW2-2
Added Pin To Net: NetName=NetP6_2 Pin=SW2-3
Added Pin To Net: NetName=NetP6_3 Pin=SW2-4
Added Pin To Net: NetName=NetP4_1 Pin=SW2-5
Added Pin To Net: NetName=NetP4_4 Pin=SW2-6
Added Pin To Net: NetName=NetP6_1 Pin=SW2-7
Added Pin To Net: NetName=NetP6_4 Pin=SW2-8
Added Pin To Net: NetName=NetP2_1 Pin=SW2-9
Added Pin To Net: NetName=NetP2_2 Pin=SW2-10
Added Pin To Net: NetName=NetP2_3 Pin=SW2-11
Added Pin To Net: NetName=NetP2_4 Pin=SW2-12
Added Pin To Net: NetName=Control3 Pin=SW2-13
Added Pin To Net: NetName=GND Pin=SW2-14
Added Pin To Net: NetName=NetP9_2 Pin=SW3-1
Added Pin To Net: NetName=NetP9_3 Pin=SW3-2
Added Pin To Net: NetName=NetP11_2 Pin=SW3-3
Added Pin To Net: NetName=NetP11_3 Pin=SW3-4
Added Pin To Net: NetName=NetP9_1 Pin=SW3-5
Added Pin To Net: NetName=NetP9_4 Pin=SW3-6
Added Pin To Net: NetName=NetP11_1 Pin=SW3-7
Added Pin To Net: NetName=NetP11_4 Pin=SW3-8
Added Pin To Net: NetName=NetP7_1 Pin=SW3-9
Added Pin To Net: NetName=NetP7_2 Pin=SW3-10
Added Pin To Net: NetName=NetP7_3 Pin=SW3-11
Added Pin To Net: NetName=NetP7_4 Pin=SW3-12
Added Pin To Net: NetName=Control2 Pin=SW3-13
Added Pin To Net: NetName=GND Pin=SW3-14
Added Pin To Net: NetName=NetP10_2 Pin=SW4-1
Added Pin To Net: NetName=NetP10_3 Pin=SW4-2
Added Pin To Net: NetName=NetP12_2 Pin=SW4-3
Added Pin To Net: NetName=NetP12_3 Pin=SW4-4
Added Pin To Net: NetName=NetP10_1 Pin=SW4-5
Added Pin To Net: NetName=NetP10_4 Pin=SW4-6
Added Pin To Net: NetName=NetP12_1 Pin=SW4-7
Added Pin To Net: NetName=NetP12_4 Pin=SW4-8
Added Pin To Net: NetName=NetP8_1 Pin=SW4-9
Added Pin To Net: NetName=NetP8_2 Pin=SW4-10
Added Pin To Net: NetName=NetP8_3 Pin=SW4-11
Added Pin To Net: NetName=NetP8_4 Pin=SW4-12
Added Pin To Net: NetName=Control4 Pin=SW4-13
Added Pin To Net: NetName=GND Pin=SW4-14
Added Member To Class: ClassName=Sheet1 Member=Component SW4 MY4(Z)IN-D2(S)
Added Room: Name=Sheet1
