Removed Pin From Net: NetName=NetD1_1 Pin=D1-1
Removed Pin From Net: NetName=NetD1_2 Pin=D1-2
Removed Pin From Net: NetName=NetD2_1 Pin=D2-1
Removed Pin From Net: NetName=NetD2_2 Pin=D2-2
Removed Pin From Net: NetName=NetJ1_1 Pin=J1-1
Removed Pin From Net: NetName=NetJ1_2 Pin=J1-2
Removed Pin From Net: NetName=NetJ1_3 Pin=J1-3
Removed Pin From Net: NetName=NetJ1_4 Pin=J1-4
Removed Pin From Net: NetName=NetJ2_1 Pin=J2-1
Removed Pin From Net: NetName=NetJ2_2 Pin=J2-2
Removed Pin From Net: NetName=NetJ2_3 Pin=J2-3
Removed Pin From Net: NetName=NetJ2_4 Pin=J2-4
Removed Pin From Net: NetName=NetD1_2 Pin=J3-1
Removed Pin From Net: NetName=NetD1_1 Pin=J3-2
Removed Pin From Net: NetName=NetD2_2 Pin=J4-1
Removed Pin From Net: NetName=NetD2_1 Pin=J4-2
Removed Pin From Net: NetName=NetD3_2 Pin=J9-1
Removed Pin From Net: NetName=NetD3_1 Pin=J9-2
Removed Member From Class: ClassName=Sheet1 Member=J1
Removed Member From Class: ClassName=Sheet1 Member=J2
Removed Member From Class: ClassName=Sheet1 Member=J3
Removed Member From Class: ClassName=Sheet1 Member=J4
Removed Member From Class: ClassName=Sheet1 Member=J9
Added Component: Designator=D3(D_SOD80)
Add component (AddParameter): Name = "ASSEMBLY"; Value = "ASSEMBLY"; VariantName = "[No Variations]"
Add component (AddParameter): Name = "DESC"; Value = "DESCRIPTION"; VariantName = "[No Variations]"
Add component (AddParameter): Name = "MANF"; Value = "MANF"; VariantName = "[No Variations]"
Add component (AddParameter): Name = "MANF_P#"; Value = "1N4148"; VariantName = "[No Variations]"
Add component (AddParameter): Name = "PARAM"; Value = "75V"; VariantName = "[No Variations]"
Add component (AddParameter): Name = "PARAM2"; Value = "300mA, 0.5W"; VariantName = "[No Variations]"
Add component (AddParameter): Name = "PRICE"; Value = "PRICE"; VariantName = "[No Variations]"
Add component (AddParameter): Name = "VALUE"; Value = "1N4148"; VariantName = "[No Variations]"
Added Component: Designator=D4(D_SOD80)
Add component (AddParameter): Name = "ASSEMBLY"; Value = "ASSEMBLY"; VariantName = "[No Variations]"
Add component (AddParameter): Name = "DESC"; Value = "DESCRIPTION"; VariantName = "[No Variations]"
Add component (AddParameter): Name = "MANF"; Value = "MANF"; VariantName = "[No Variations]"
Add component (AddParameter): Name = "MANF_P#"; Value = "1N4148"; VariantName = "[No Variations]"
Add component (AddParameter): Name = "PARAM"; Value = "75V"; VariantName = "[No Variations]"
Add component (AddParameter): Name = "PARAM2"; Value = "300mA, 0.5W"; VariantName = "[No Variations]"
Add component (AddParameter): Name = "PRICE"; Value = "PRICE"; VariantName = "[No Variations]"
Add component (AddParameter): Name = "VALUE"; Value = "1N4148"; VariantName = "[No Variations]"
Added Component: Designator=P1(PWL_4)
Add component (AddParameter): Name = "MANF"; Value = ""; VariantName = "[No Variations]"
Add component (AddParameter): Name = "MANF_P#"; Value = ""; VariantName = "[No Variations]"
Add component (AddParameter): Name = "VALUE"; Value = "CONN_PWL_4"; VariantName = "[No Variations]"
Added Component: Designator=P2(PWL_4)
Add component (AddParameter): Name = "MANF"; Value = ""; VariantName = "[No Variations]"
Add component (AddParameter): Name = "MANF_P#"; Value = ""; VariantName = "[No Variations]"
Add component (AddParameter): Name = "VALUE"; Value = "CONN_PWL_4"; VariantName = "[No Variations]"
Added Component: Designator=P3(PWL_4)
Add component (AddParameter): Name = "MANF"; Value = ""; VariantName = "[No Variations]"
Add component (AddParameter): Name = "MANF_P#"; Value = ""; VariantName = "[No Variations]"
Add component (AddParameter): Name = "VALUE"; Value = "CONN_PWL_4"; VariantName = "[No Variations]"
Added Component: Designator=P4(PWL_4)
Add component (AddParameter): Name = "MANF"; Value = ""; VariantName = "[No Variations]"
Add component (AddParameter): Name = "MANF_P#"; Value = ""; VariantName = "[No Variations]"
Add component (AddParameter): Name = "VALUE"; Value = "CONN_PWL_4"; VariantName = "[No Variations]"
Added Component: Designator=P5(PWL_4)
Add component (AddParameter): Name = "MANF"; Value = ""; VariantName = "[No Variations]"
Add component (AddParameter): Name = "MANF_P#"; Value = ""; VariantName = "[No Variations]"
Add component (AddParameter): Name = "VALUE"; Value = "CONN_PWL_4"; VariantName = "[No Variations]"
Added Component: Designator=P6(PWL_4)
Add component (AddParameter): Name = "MANF"; Value = ""; VariantName = "[No Variations]"
Add component (AddParameter): Name = "MANF_P#"; Value = ""; VariantName = "[No Variations]"
Add component (AddParameter): Name = "VALUE"; Value = "CONN_PWL_4"; VariantName = "[No Variations]"
Added Component: Designator=P7(PWL_4)
Add component (AddParameter): Name = "MANF"; Value = ""; VariantName = "[No Variations]"
Add component (AddParameter): Name = "MANF_P#"; Value = ""; VariantName = "[No Variations]"
Add component (AddParameter): Name = "VALUE"; Value = "CONN_PWL_4"; VariantName = "[No Variations]"
Added Component: Designator=P8(PWL_4)
Add component (AddParameter): Name = "MANF"; Value = ""; VariantName = "[No Variations]"
Add component (AddParameter): Name = "MANF_P#"; Value = ""; VariantName = "[No Variations]"
Add component (AddParameter): Name = "VALUE"; Value = "CONN_PWL_4"; VariantName = "[No Variations]"
Added Component: Designator=P9(PWL_4)
Add component (AddParameter): Name = "MANF"; Value = ""; VariantName = "[No Variations]"
Add component (AddParameter): Name = "MANF_P#"; Value = ""; VariantName = "[No Variations]"
Add component (AddParameter): Name = "VALUE"; Value = "CONN_PWL_4"; VariantName = "[No Variations]"
Added Component: Designator=P10(PWL_4)
Add component (AddParameter): Name = "MANF"; Value = ""; VariantName = "[No Variations]"
Add component (AddParameter): Name = "MANF_P#"; Value = ""; VariantName = "[No Variations]"
Add component (AddParameter): Name = "VALUE"; Value = "CONN_PWL_4"; VariantName = "[No Variations]"
Added Component: Designator=P11(PWL_4)
Add component (AddParameter): Name = "MANF"; Value = ""; VariantName = "[No Variations]"
Add component (AddParameter): Name = "MANF_P#"; Value = ""; VariantName = "[No Variations]"
Add component (AddParameter): Name = "VALUE"; Value = "CONN_PWL_4"; VariantName = "[No Variations]"
Added Component: Designator=P12(PWL_4)
Add component (AddParameter): Name = "MANF"; Value = ""; VariantName = "[No Variations]"
Add component (AddParameter): Name = "MANF_P#"; Value = ""; VariantName = "[No Variations]"
Add component (AddParameter): Name = "VALUE"; Value = "CONN_PWL_4"; VariantName = "[No Variations]"
Added Component: Designator=P13(PWL_5)
Add component (AddParameter): Name = "MANF"; Value = ""; VariantName = "[No Variations]"
Add component (AddParameter): Name = "MANF_P#"; Value = ""; VariantName = "[No Variations]"
Add component (AddParameter): Name = "VALUE"; Value = "CONN_PWL_5"; VariantName = "[No Variations]"
Added Pin To Net: NetName=NetJ12_5 Pin=D1-1
Added Pin To Net: NetName=NetJ12_1 Pin=D1-2
Added Pin To Net: NetName=NetJ12_3 Pin=D2-1
Added Pin To Net: NetName=NetJ12_1 Pin=D2-2
Added Pin To Net: NetName=NetJ12_4 Pin=D3-1
Added Pin To Net: NetName=NetJ12_1 Pin=D3-2
Added Pin To Net: NetName=NetJ12_2 Pin=D4-1
Added Pin To Net: NetName=NetJ12_1 Pin=D4-2
Added Pin To Net: NetName=NetJ11_8 Pin=P1-1
Added Pin To Net: NetName=NetJ11_7 Pin=P1-2
Added Pin To Net: NetName=NetJ11_6 Pin=P1-3
Added Pin To Net: NetName=NetJ11_5 Pin=P1-4
Added Pin To Net: NetName=NetJ11_4 Pin=P2-1
Added Pin To Net: NetName=NetJ11_3 Pin=P2-2
Added Pin To Net: NetName=NetJ11_2 Pin=P2-3
Added Pin To Net: NetName=NetJ11_1 Pin=P2-4
Added Pin To Net: NetName=NetJ8_4 Pin=P3-1
Added Pin To Net: NetName=NetJ8_3 Pin=P3-2
Added Pin To Net: NetName=NetJ8_2 Pin=P3-3
Added Pin To Net: NetName=NetJ8_1 Pin=P3-4
Added Pin To Net: NetName=NetJ7_4 Pin=P4-1
Added Pin To Net: NetName=NetJ7_3 Pin=P4-2
Added Pin To Net: NetName=NetJ7_2 Pin=P4-3
Added Pin To Net: NetName=NetJ7_1 Pin=P4-4
Added Pin To Net: NetName=NetJ6_8 Pin=P5-1
Added Pin To Net: NetName=NetJ6_7 Pin=P5-2
Added Pin To Net: NetName=NetJ6_6 Pin=P5-3
Added Pin To Net: NetName=NetJ6_5 Pin=P5-4
Added Pin To Net: NetName=NetJ6_4 Pin=P6-1
Added Pin To Net: NetName=NetJ6_3 Pin=P6-2
Added Pin To Net: NetName=NetJ6_2 Pin=P6-3
Added Pin To Net: NetName=NetJ6_1 Pin=P6-4
Added Pin To Net: NetName=NetJ5_8 Pin=P7-1
Added Pin To Net: NetName=NetJ5_7 Pin=P7-2
Added Pin To Net: NetName=NetJ5_6 Pin=P7-3
Added Pin To Net: NetName=NetJ5_5 Pin=P7-4
Added Pin To Net: NetName=NetJ5_4 Pin=P8-1
Added Pin To Net: NetName=NetJ5_3 Pin=P8-2
Added Pin To Net: NetName=NetJ5_2 Pin=P8-3
Added Pin To Net: NetName=NetJ5_1 Pin=P8-4
Added Pin To Net: NetName=NetJ2_4 Pin=P9-1
Added Pin To Net: NetName=NetJ2_3 Pin=P9-2
Added Pin To Net: NetName=NetJ2_2 Pin=P9-3
Added Pin To Net: NetName=NetJ2_1 Pin=P9-4
Added Pin To Net: NetName=NetJ1_4 Pin=P10-1
Added Pin To Net: NetName=NetJ1_3 Pin=P10-2
Added Pin To Net: NetName=NetJ1_2 Pin=P10-3
Added Pin To Net: NetName=NetJ1_1 Pin=P10-4
Added Pin To Net: NetName=NetD4_2 Pin=P11-1
Added Pin To Net: NetName=NetD4_1 Pin=P11-2
Added Pin To Net: NetName=NetD3_2 Pin=P11-3
Added Pin To Net: NetName=NetD3_1 Pin=P11-4
Added Pin To Net: NetName=NetD2_2 Pin=P12-1
Added Pin To Net: NetName=NetD2_1 Pin=P12-2
Added Pin To Net: NetName=NetD1_2 Pin=P12-3
Added Pin To Net: NetName=NetD1_1 Pin=P12-4
Added Pin To Net: NetName=NetJ12_1 Pin=P13-1
Added Pin To Net: NetName=NetJ12_5 Pin=P13-2
Added Pin To Net: NetName=NetJ12_4 Pin=P13-3
Added Pin To Net: NetName=NetJ12_3 Pin=P13-4
Added Pin To Net: NetName=NetJ12_2 Pin=P13-5
Change Net Name : Old Net Name=NetD1_1 New Net Name=NetP12_4
Change Net Name : Old Net Name=NetD1_2 New Net Name=NetP12_3
Change Net Name : Old Net Name=NetD2_1 New Net Name=NetP12_2
Change Net Name : Old Net Name=NetD2_2 New Net Name=NetP12_1
Change Net Name : Old Net Name=NetD3_1 New Net Name=NetP11_4
Change Net Name : Old Net Name=NetD3_2 New Net Name=NetP11_3
Change Net Name : Old Net Name=NetD4_1 New Net Name=NetP11_2
Change Net Name : Old Net Name=NetD4_2 New Net Name=NetP11_1
Change Net Name : Old Net Name=NetJ1_1 New Net Name=NetP10_4
Change Net Name : Old Net Name=NetJ1_2 New Net Name=NetP10_3
Change Net Name : Old Net Name=NetJ1_3 New Net Name=NetP10_2
Change Net Name : Old Net Name=NetJ1_4 New Net Name=NetP10_1
Change Net Name : Old Net Name=NetJ2_1 New Net Name=NetP9_4
Change Net Name : Old Net Name=NetJ2_2 New Net Name=NetP9_3
Change Net Name : Old Net Name=NetJ2_3 New Net Name=NetP9_2
Change Net Name : Old Net Name=NetJ2_4 New Net Name=NetP9_1
Change Net Name : Old Net Name=NetJ5_1 New Net Name=NetP8_4
Change Net Name : Old Net Name=NetJ5_2 New Net Name=NetP8_3
Change Net Name : Old Net Name=NetJ5_3 New Net Name=NetP8_2
Change Net Name : Old Net Name=NetJ5_4 New Net Name=NetP8_1
Change Net Name : Old Net Name=NetJ5_5 New Net Name=NetP7_4
Change Net Name : Old Net Name=NetJ5_6 New Net Name=NetP7_3
Change Net Name : Old Net Name=NetJ5_7 New Net Name=NetP7_2
Change Net Name : Old Net Name=NetJ5_8 New Net Name=NetP7_1
Change Net Name : Old Net Name=NetJ6_1 New Net Name=NetP6_4
Change Net Name : Old Net Name=NetJ6_2 New Net Name=NetP6_3
Change Net Name : Old Net Name=NetJ6_3 New Net Name=NetP6_2
Change Net Name : Old Net Name=NetJ6_4 New Net Name=NetP6_1
Change Net Name : Old Net Name=NetJ6_5 New Net Name=NetP5_4
Change Net Name : Old Net Name=NetJ6_6 New Net Name=NetP5_3
Change Net Name : Old Net Name=NetJ6_7 New Net Name=NetP5_2
Change Net Name : Old Net Name=NetJ6_8 New Net Name=NetP5_1
Change Net Name : Old Net Name=NetJ7_1 New Net Name=NetP4_4
Change Net Name : Old Net Name=NetJ7_2 New Net Name=NetP4_3
Change Net Name : Old Net Name=NetJ7_3 New Net Name=NetP4_2
Change Net Name : Old Net Name=NetJ7_4 New Net Name=NetP4_1
Change Net Name : Old Net Name=NetJ8_1 New Net Name=NetP3_4
Change Net Name : Old Net Name=NetJ8_2 New Net Name=NetP3_3
Change Net Name : Old Net Name=NetJ8_3 New Net Name=NetP3_2
Change Net Name : Old Net Name=NetJ8_4 New Net Name=NetP3_1
Change Net Name : Old Net Name=NetJ11_1 New Net Name=NetP2_4
Change Net Name : Old Net Name=NetJ11_2 New Net Name=NetP2_3
Change Net Name : Old Net Name=NetJ11_3 New Net Name=NetP2_2
Change Net Name : Old Net Name=NetJ11_4 New Net Name=NetP2_1
Change Net Name : Old Net Name=NetJ11_5 New Net Name=NetP1_4
Change Net Name : Old Net Name=NetJ11_6 New Net Name=NetP1_3
Change Net Name : Old Net Name=NetJ11_7 New Net Name=NetP1_2
Change Net Name : Old Net Name=NetJ11_8 New Net Name=NetP1_1
Change Net Name : Old Net Name=NetJ12_1 New Net Name=GND
Change Net Name : Old Net Name=NetJ12_2 New Net Name=Control4
Change Net Name : Old Net Name=NetJ12_3 New Net Name=Control3
Change Net Name : Old Net Name=NetJ12_4 New Net Name=Control2
Change Net Name : Old Net Name=NetJ12_5 New Net Name=Control1
Added Member To Class: ClassName=Sheet1 Member=Component D3 1N4148
Added Member To Class: ClassName=Sheet1 Member=Component D4 1N4148
Added Member To Class: ClassName=Sheet1 Member=Component P1 CONN_PWL_4
Added Member To Class: ClassName=Sheet1 Member=Component P2 CONN_PWL_4
Added Member To Class: ClassName=Sheet1 Member=Component P3 CONN_PWL_4
Added Member To Class: ClassName=Sheet1 Member=Component P4 CONN_PWL_4
Added Member To Class: ClassName=Sheet1 Member=Component P5 CONN_PWL_4
Added Member To Class: ClassName=Sheet1 Member=Component P6 CONN_PWL_4
Added Member To Class: ClassName=Sheet1 Member=Component P7 CONN_PWL_4
Added Member To Class: ClassName=Sheet1 Member=Component P8 CONN_PWL_4
Added Member To Class: ClassName=Sheet1 Member=Component P9 CONN_PWL_4
Added Member To Class: ClassName=Sheet1 Member=Component P10 CONN_PWL_4
Added Member To Class: ClassName=Sheet1 Member=Component P11 CONN_PWL_4
Added Member To Class: ClassName=Sheet1 Member=Component P12 CONN_PWL_4
Added Member To Class: ClassName=Sheet1 Member=Component P13 CONN_PWL_5
Added Room: Name=Sheet1
